###############################################################
#  Generated by:      Cadence Innovus 17.11-s080_1
#  OS:                Linux x86_64(Host ID lab1-10.eng.utah.edu)
#  Generated on:      Mon Dec  2 16:36:09 2019
#  Design:            core_top_pads
#  Command:           verify_drc
###############################################################
#set_verify_drc_mode -check_implant true -check_implant_across_rows false -check_ndr_spacing false -check_same_via_cell false -disable_rules "" -exclude_pg_net false -ignore_trial_route false -limit 1000 -report core_top_pads.drc.rpt

SHORT: ( Metal Short ) Regular Wire of Net data_mem_bus_pad[15] & Blockage of Cell pad_in14  ( METAL2 )
Bounds : ( 489.020, 232.680 ) ( 489.300, 233.200 )


SHORT: ( Metal Short ) Regular Wire of Net data_to_main_mem_write_en & Blockage of Cell pad_out0/pad_out0  ( METAL3 )
Bounds : ( 510.250, 90.300 ) ( 510.630, 90.580 )


SHORT: ( Metal Short ) Regular Wire of Net data_to_main_mem_write_en & Blockage of Cell pad_out0/pad_out0  ( METAL3 )
Bounds : ( 510.300, 90.300 ) ( 510.580, 91.430 )


SHORT: ( Metal Short ) Regular Wire of Net data_to_main_mem_write_en & Blockage of Cell pad_out0/pad_out0  ( METAL4 )
Bounds : ( 510.300, 90.250 ) ( 510.580, 90.975 )


SHORT: ( Metal Short ) Regular Wire of Net data_to_main_mem_write_en & Blockage of Cell pad_out0/pad_out0  ( METAL5 )
Bounds : ( 510.200, 83.530 ) ( 510.680, 83.910 )


SHORT: ( Metal Short ) Regular Wire of Net data_to_main_mem_write_en & Blockage of Cell pad_out0/pad_out0  ( METAL5 )
Bounds : ( 510.250, 90.300 ) ( 510.630, 90.580 )


SHORT: ( Metal Short ) Regular Wire of Net data_to_main_mem_write_en & Blockage of Cell pad_out0/pad_out0  ( METAL5 )
Bounds : ( 510.300, 83.530 ) ( 510.580, 90.580 )


MAR: ( Minimum Area ) Regular Wire of Net data_from_inst_memory_pad[13]  ( METAL2 )
Bounds : ( 232.540, 243.690 ) ( 232.820, 244.070 )


MAR: ( Minimum Area ) Regular Wire of Net data_from_inst_memory_pad[14]  ( METAL2 )
Bounds : ( 232.540, 334.970 ) ( 232.820, 335.350 )


MAR: ( Minimum Area ) Regular Wire of Net data_from_inst_memory_pad[15]  ( METAL2 )
Bounds : ( 232.540, 423.450 ) ( 232.820, 423.830 )


SHORT: ( Metal Short ) Regular Wire of Net data_from_inst_memory_pad[13] & Blockage of Cell pad_bi16  ( METAL2 )
Bounds : ( 232.540, 243.690 ) ( 232.820, 244.070 )


SHORT: ( Metal Short ) Regular Wire of Net data_from_inst_memory_pad[14] & Pin of Cell pad_bi15  ( METAL2 )
Bounds : ( 232.540, 334.970 ) ( 232.820, 335.350 )


SHORT: ( Metal Short ) Regular Wire of Net data_from_inst_memory_pad[15] & Blockage of Cell pad_bi14  ( METAL2 )
Bounds : ( 232.540, 423.450 ) ( 232.820, 423.830 )


SHORT: ( Metal Short ) Regular Wire of Net data_from_inst_memory_pad[13] & Blockage of Cell pad_bi16  ( METAL3 )
Bounds : ( 232.490, 243.740 ) ( 233.200, 244.020 )


SHORT: ( Metal Short ) Regular Wire of Net data_from_inst_memory_pad[15] & Blockage of Cell pad_bi14  ( METAL3 )
Bounds : ( 232.490, 423.500 ) ( 233.200, 423.780 )


SHORT: ( Metal Short ) Regular Wire of Net data_to_main_mem_write_en & Blockage of Cell pad_in15  ( METAL2 )
Bounds : ( 327.740, 232.680 ) ( 328.020, 233.200 )


SHORT: ( Metal Short ) Regular Wire of Net data_mem_bus_pad[14] & Blockage of Cell pad_in15  ( METAL2 )
Bounds : ( 338.380, 232.680 ) ( 338.660, 233.200 )


SHORT: ( Metal Short ) Regular Wire of Net data_mem_bus_pad[14] & Blockage of Cell pad_in15  ( METAL2 )
Bounds : ( 398.860, 232.680 ) ( 399.140, 233.200 )


SHORT: ( Metal Short ) Regular Wire of Net data_mem_bus_pad[14] & Pin of Cell pad_in15  ( METAL2 )
Bounds : ( 401.100, 232.680 ) ( 401.380, 233.200 )


SHORT: ( Metal Short ) Regular Wire of Net data_to_main_mem_write_en & Blockage of Cell pad_in14  ( METAL2 )
Bounds : ( 417.900, 232.680 ) ( 418.180, 233.200 )


SHORT: ( Metal Short ) Regular Wire of Net data_mem_bus_pad[15] & Blockage of Cell pad_in14  ( METAL2 )
Bounds : ( 428.540, 232.680 ) ( 428.820, 233.200 )


SHORT: ( Metal Short ) Regular Wire of Net data_to_main_mem_write_en & Blockage of Cell pad_in16  ( METAL2 )
Bounds : ( 237.580, 232.680 ) ( 237.860, 233.200 )


SHORT: ( Metal Short ) Regular Wire of Net data_to_main_mem_write_en & Blockage of Cell pad_in16  ( METAL2 )
Bounds : ( 239.260, 232.680 ) ( 239.540, 233.200 )


SHORT: ( Metal Short ) Regular Wire of Net data_mem_bus_pad[13] & Blockage of Cell pad_in16  ( METAL2 )
Bounds : ( 248.780, 232.680 ) ( 249.060, 233.200 )


SHORT: ( Metal Short ) Regular Wire of Net data_mem_bus_pad[13] & Blockage of Cell pad_in16  ( METAL2 )
Bounds : ( 309.260, 232.680 ) ( 309.540, 233.200 )


SHORT: ( Metal Short ) Regular Wire of Net data_to_main_mem_write_en & Blockage of Cell pad_in16  ( METAL3 )
Bounds : ( 276.730, 162.540 ) ( 277.110, 162.820 )


SHORT: ( Metal Short ) Regular Wire of Net data_to_main_mem_write_en & Blockage of Cell pad_in16  ( METAL3 )
Bounds : ( 276.780, 160.020 ) ( 277.060, 162.820 )


SHORT: ( Metal Short ) Regular Wire of Net data_to_main_mem_write_en & Blockage of Cell pad_in16  ( METAL3 )
Bounds : ( 275.100, 131.370 ) ( 275.380, 134.030 )


SHORT: ( Metal Short ) Regular Wire of Net data_to_main_mem_write_en & Blockage of Cell pad_in16  ( METAL4 )
Bounds : ( 276.780, 162.490 ) ( 277.060, 233.200 )


SPACING: ( ParallelRunLength Spacing ) Regular Wire of Net data_to_main_mem_write_en & Blockage of Cell pad_in16  ( METAL3 )
Bounds : ( 265.455, 116.700 ) ( 265.580, 130.900 )


  Total Violations : 30 Viols.
