
Cadence Innovus(TM) Implementation System.
Copyright 2017 Cadence Design Systems, Inc. All rights reserved worldwide.

Version:	v17.11-s080_1, built Fri Aug 4 11:13:11 PDT 2017
Options:	
Date:		Mon Dec  2 14:19:11 2019
Host:		lab1-10.eng.utah.edu (x86_64 w/Linux 3.10.0-1062.7.1.el7.x86_64) (4cores*8cpus*Intel(R) Core(TM) i7-4790 CPU @ 3.60GHz 8192KB)
OS:		Red Hat Enterprise Linux Server release 7.7 (Maipo)

License:
		invs	Innovus Implementation System	17.1	checkout succeeded
		8 CPU jobs allowed with the current license(s). Use setMultiCpuUsage to set your required CPU count.
Change the soft stacksize limit to 0.2%RAM (64 mbytes). Set global soft_stack_size_limit to change the value.

**INFO:  MMMC transition support version v31-84 

<CMD> set_global _enable_mmmc_by_default_flow      $CTE::mmmc_default
<CMD> suppressMessage ENCEXT-2799
<CMD> getDrawView
<CMD> loadWorkspace -name Physical
<CMD> win
<CMD> set init_gnd_net VSS
<CMD> set init_pwr_net VDD
<CMD> set init_top_cell core_top_pads
<CMD> set init_verilog HDL/GATE/Core_mapped.v
<CMD> create_constraint_mode -name constraint -sdc_files {SDC/Core_mapped.sdc}
<CMD> set init_lef_file {/research/ece/lnis-teaching/Designkits/tsmc180nm/full_custom_lib/lef/tech.lef /research/ece/lnis-teaching/Designkits/tsmc180nm/full_custom_lib/lef/sclib_tsmc180.lef /research/ece/lnis-teaching/Designkits/tsmc180nm/full_custom_lib/lef/padlib_tsmc180.lef /research/ece/lnis-teaching/Designkits/tsmc180nm/arm_ip/rf8x8/rfsphs8x8m1wm4.vclef}
<CMD> set init_mmmc_file CONF/core.view
<CMD> init_design
#% Begin Load MMMC data ... (date=12/02 14:19:34, mem=460.9M)
#% End Load MMMC data ... (date=12/02 14:19:34, total cpu=0:00:00.0, real=0:00:00.0, peak res=460.9M, current mem=460.6M)
wc bc

Loading LEF file /research/ece/lnis-teaching/Designkits/tsmc180nm/full_custom_lib/lef/tech.lef ...

Loading LEF file /research/ece/lnis-teaching/Designkits/tsmc180nm/full_custom_lib/lef/sclib_tsmc180.lef ...
Set DBUPerIGU to M2 pitch 1120.

Loading LEF file /research/ece/lnis-teaching/Designkits/tsmc180nm/full_custom_lib/lef/padlib_tsmc180.lef ...

Loading LEF file /research/ece/lnis-teaching/Designkits/tsmc180nm/arm_ip/rf8x8/rfsphs8x8m1wm4.vclef ...
WARNING (LEFPARS-2007): NAMESCASESENSITIVE statement is obsolete in version 5.6 and later.
The LEF parser will ignore this statement.
To avoid this warning in the future, remove this statement from the LEF file with version 5.6 or later. See file /research/ece/lnis-teaching/Designkits/tsmc180nm/arm_ip/rf8x8/rfsphs8x8m1wm4.vclef at line 12.
WARNING (LEFPARS-2001): No VERSION statement found, using the default value 5.8. See file /research/ece/lnis-teaching/Designkits/tsmc180nm/arm_ip/rf8x8/rfsphs8x8m1wm4.vclef at line 902.
**WARN: (IMPLF-200):	Pin 'A[0]' in macro 'rfsphs8x8m1wm4' has no ANTENNAGATEAREA value defined. The library data is incomplete and some process antenna rules will not be checked correctly.
Type 'man IMPLF-200' for more detail.
**WARN: (IMPLF-200):	Pin 'A[1]' in macro 'rfsphs8x8m1wm4' has no ANTENNAGATEAREA value defined. The library data is incomplete and some process antenna rules will not be checked correctly.
Type 'man IMPLF-200' for more detail.
**WARN: (IMPLF-200):	Pin 'A[2]' in macro 'rfsphs8x8m1wm4' has no ANTENNAGATEAREA value defined. The library data is incomplete and some process antenna rules will not be checked correctly.
Type 'man IMPLF-200' for more detail.
**WARN: (IMPLF-200):	Pin 'CEN' in macro 'rfsphs8x8m1wm4' has no ANTENNAGATEAREA value defined. The library data is incomplete and some process antenna rules will not be checked correctly.
Type 'man IMPLF-200' for more detail.
**WARN: (IMPLF-200):	Pin 'CLK' in macro 'rfsphs8x8m1wm4' has no ANTENNAGATEAREA value defined. The library data is incomplete and some process antenna rules will not be checked correctly.
Type 'man IMPLF-200' for more detail.
**WARN: (IMPLF-200):	Pin 'D[0]' in macro 'rfsphs8x8m1wm4' has no ANTENNAGATEAREA value defined. The library data is incomplete and some process antenna rules will not be checked correctly.
Type 'man IMPLF-200' for more detail.
**WARN: (IMPLF-200):	Pin 'D[1]' in macro 'rfsphs8x8m1wm4' has no ANTENNAGATEAREA value defined. The library data is incomplete and some process antenna rules will not be checked correctly.
Type 'man IMPLF-200' for more detail.
**WARN: (IMPLF-200):	Pin 'D[2]' in macro 'rfsphs8x8m1wm4' has no ANTENNAGATEAREA value defined. The library data is incomplete and some process antenna rules will not be checked correctly.
Type 'man IMPLF-200' for more detail.
**WARN: (IMPLF-200):	Pin 'D[3]' in macro 'rfsphs8x8m1wm4' has no ANTENNAGATEAREA value defined. The library data is incomplete and some process antenna rules will not be checked correctly.
Type 'man IMPLF-200' for more detail.
**WARN: (IMPLF-200):	Pin 'D[4]' in macro 'rfsphs8x8m1wm4' has no ANTENNAGATEAREA value defined. The library data is incomplete and some process antenna rules will not be checked correctly.
Type 'man IMPLF-200' for more detail.
**WARN: (IMPLF-200):	Pin 'D[5]' in macro 'rfsphs8x8m1wm4' has no ANTENNAGATEAREA value defined. The library data is incomplete and some process antenna rules will not be checked correctly.
Type 'man IMPLF-200' for more detail.
**WARN: (IMPLF-200):	Pin 'D[6]' in macro 'rfsphs8x8m1wm4' has no ANTENNAGATEAREA value defined. The library data is incomplete and some process antenna rules will not be checked correctly.
Type 'man IMPLF-200' for more detail.
**WARN: (IMPLF-200):	Pin 'D[7]' in macro 'rfsphs8x8m1wm4' has no ANTENNAGATEAREA value defined. The library data is incomplete and some process antenna rules will not be checked correctly.
Type 'man IMPLF-200' for more detail.
**WARN: (IMPLF-201):	Pin 'Q[0]' in macro 'rfsphs8x8m1wm4' has no ANTENNADIFFAREA value defined. The library data is incomplete and some process antenna rules will not be checked correctly.
Type 'man IMPLF-201' for more detail.
**WARN: (IMPLF-201):	Pin 'Q[1]' in macro 'rfsphs8x8m1wm4' has no ANTENNADIFFAREA value defined. The library data is incomplete and some process antenna rules will not be checked correctly.
Type 'man IMPLF-201' for more detail.
**WARN: (IMPLF-201):	Pin 'Q[2]' in macro 'rfsphs8x8m1wm4' has no ANTENNADIFFAREA value defined. The library data is incomplete and some process antenna rules will not be checked correctly.
Type 'man IMPLF-201' for more detail.
**WARN: (IMPLF-201):	Pin 'Q[3]' in macro 'rfsphs8x8m1wm4' has no ANTENNADIFFAREA value defined. The library data is incomplete and some process antenna rules will not be checked correctly.
Type 'man IMPLF-201' for more detail.
**WARN: (IMPLF-201):	Pin 'Q[4]' in macro 'rfsphs8x8m1wm4' has no ANTENNADIFFAREA value defined. The library data is incomplete and some process antenna rules will not be checked correctly.
Type 'man IMPLF-201' for more detail.
**WARN: (IMPLF-201):	Pin 'Q[5]' in macro 'rfsphs8x8m1wm4' has no ANTENNADIFFAREA value defined. The library data is incomplete and some process antenna rules will not be checked correctly.
Type 'man IMPLF-201' for more detail.
**WARN: (IMPLF-201):	Pin 'Q[6]' in macro 'rfsphs8x8m1wm4' has no ANTENNADIFFAREA value defined. The library data is incomplete and some process antenna rules will not be checked correctly.
Type 'man IMPLF-201' for more detail.
**WARN: (IMPLF-201):	Pin 'Q[7]' in macro 'rfsphs8x8m1wm4' has no ANTENNADIFFAREA value defined. The library data is incomplete and some process antenna rules will not be checked correctly.
Type 'man IMPLF-201' for more detail.
**WARN: (IMPLF-200):	Pin 'WEN[0]' in macro 'rfsphs8x8m1wm4' has no ANTENNAGATEAREA value defined. The library data is incomplete and some process antenna rules will not be checked correctly.
Type 'man IMPLF-200' for more detail.
**WARN: (IMPLF-200):	Pin 'WEN[1]' in macro 'rfsphs8x8m1wm4' has no ANTENNAGATEAREA value defined. The library data is incomplete and some process antenna rules will not be checked correctly.
Type 'man IMPLF-200' for more detail.
**WARN: (IMPLF-200):	Pin 'DataOut' in macro 'pad_out' has no ANTENNAGATEAREA value defined. The library data is incomplete and some process antenna rules will not be checked correctly.
Type 'man IMPLF-200' for more detail.
**WARN: (IMPLF-201):	Pin 'pad' in macro 'pad_out' has no ANTENNADIFFAREA value defined. The library data is incomplete and some process antenna rules will not be checked correctly.
Type 'man IMPLF-201' for more detail.
**WARN: (IMPLF-200):	Pin 'pad' in macro 'pad_out' has no ANTENNAGATEAREA value defined. The library data is incomplete and some process antenna rules will not be checked correctly.
Type 'man IMPLF-200' for more detail.
**WARN: (IMPLF-201):	Pin 'DataIn' in macro 'pad_in' has no ANTENNADIFFAREA value defined. The library data is incomplete and some process antenna rules will not be checked correctly.
Type 'man IMPLF-201' for more detail.
**WARN: (IMPLF-201):	Pin 'pad' in macro 'pad_in' has no ANTENNADIFFAREA value defined. The library data is incomplete and some process antenna rules will not be checked correctly.
Type 'man IMPLF-201' for more detail.
**WARN: (IMPLF-200):	Pin 'pad' in macro 'pad_in' has no ANTENNAGATEAREA value defined. The library data is incomplete and some process antenna rules will not be checked correctly.
Type 'man IMPLF-200' for more detail.
**WARN: (IMPLF-201):	Pin 'DataIn' in macro 'pad_bidirhe' has no ANTENNADIFFAREA value defined. The library data is incomplete and some process antenna rules will not be checked correctly.
Type 'man IMPLF-201' for more detail.
**WARN: (IMPLF-200):	Pin 'DataOut' in macro 'pad_bidirhe' has no ANTENNAGATEAREA value defined. The library data is incomplete and some process antenna rules will not be checked correctly.
Type 'man IMPLF-200' for more detail.
**WARN: (IMPLF-200):	Pin 'EN' in macro 'pad_bidirhe' has no ANTENNAGATEAREA value defined. The library data is incomplete and some process antenna rules will not be checked correctly.
Type 'man IMPLF-200' for more detail.
**WARN: (IMPLF-201):	Pin 'pad' in macro 'pad_bidirhe' has no ANTENNADIFFAREA value defined. The library data is incomplete and some process antenna rules will not be checked correctly.
Type 'man IMPLF-201' for more detail.
**WARN: (EMS-27):	Message (IMPLF-200) has exceeded the current message display limit of 20.
To increase the message display limit, refer to the product command reference manual.
**WARN: (IMPLF-201):	Pin 'Z' in macro 'XOR2X1' has no ANTENNADIFFAREA value defined. The library data is incomplete and some process antenna rules will not be checked correctly.
Type 'man IMPLF-201' for more detail.
**WARN: (IMPLF-201):	Pin 'Z' in macro 'TIE1' has no ANTENNADIFFAREA value defined. The library data is incomplete and some process antenna rules will not be checked correctly.
Type 'man IMPLF-201' for more detail.
**WARN: (IMPLF-201):	Pin 'Z' in macro 'TIE0' has no ANTENNADIFFAREA value defined. The library data is incomplete and some process antenna rules will not be checked correctly.
Type 'man IMPLF-201' for more detail.
**WARN: (IMPLF-201):	Pin 'Z' in macro 'OR2X1' has no ANTENNADIFFAREA value defined. The library data is incomplete and some process antenna rules will not be checked correctly.
Type 'man IMPLF-201' for more detail.
**WARN: (IMPLF-201):	Pin 'Z' in macro 'NOR2X1' has no ANTENNADIFFAREA value defined. The library data is incomplete and some process antenna rules will not be checked correctly.
Type 'man IMPLF-201' for more detail.
**WARN: (IMPLF-201):	Pin 'Z' in macro 'NAND3X1' has no ANTENNADIFFAREA value defined. The library data is incomplete and some process antenna rules will not be checked correctly.
Type 'man IMPLF-201' for more detail.
**WARN: (IMPLF-201):	Pin 'Z' in macro 'NAND2X1' has no ANTENNADIFFAREA value defined. The library data is incomplete and some process antenna rules will not be checked correctly.
Type 'man IMPLF-201' for more detail.
**WARN: (EMS-27):	Message (IMPLF-201) has exceeded the current message display limit of 20.
To increase the message display limit, refer to the product command reference manual.

viaInitial starts at Mon Dec  2 14:19:34 2019
viaInitial ends at Mon Dec  2 14:19:34 2019
Loading view definition file from CONF/core.view
Reading wc timing library '/research/ece/lnis-teaching/Designkits/tsmc180nm/full_custom_lib/lib/sclib_tsmc180_ss_nldm.lib' ...
**WARN: (TECHLIB-436):	Attribute 'max_fanout' on 'output/inout' pin 'Z' of cell 'AND2X1' is not defined in the library. (File /research/ece/lnis-teaching/Designkits/tsmc180nm/full_custom_lib/lib/sclib_tsmc180_ss_nldm.lib)
**WARN: (TECHLIB-436):	Attribute 'max_fanout' on 'output/inout' pin 'Z' of cell 'BUFX1' is not defined in the library. (File /research/ece/lnis-teaching/Designkits/tsmc180nm/full_custom_lib/lib/sclib_tsmc180_ss_nldm.lib)
**WARN: (TECHLIB-436):	Attribute 'max_fanout' on 'output/inout' pin 'QB' of cell 'DFFQBX1' is not defined in the library. (File /research/ece/lnis-teaching/Designkits/tsmc180nm/full_custom_lib/lib/sclib_tsmc180_ss_nldm.lib)
**WARN: (TECHLIB-436):	Attribute 'max_fanout' on 'output/inout' pin 'Q' of cell 'DFFQQBX1' is not defined in the library. (File /research/ece/lnis-teaching/Designkits/tsmc180nm/full_custom_lib/lib/sclib_tsmc180_ss_nldm.lib)
**WARN: (TECHLIB-436):	Attribute 'max_fanout' on 'output/inout' pin 'QB' of cell 'DFFQQBX1' is not defined in the library. (File /research/ece/lnis-teaching/Designkits/tsmc180nm/full_custom_lib/lib/sclib_tsmc180_ss_nldm.lib)
**WARN: (TECHLIB-436):	Attribute 'max_fanout' on 'output/inout' pin 'Q' of cell 'DFFQSRX1' is not defined in the library. (File /research/ece/lnis-teaching/Designkits/tsmc180nm/full_custom_lib/lib/sclib_tsmc180_ss_nldm.lib)
**WARN: (TECHLIB-436):	Attribute 'max_fanout' on 'output/inout' pin 'Q' of cell 'DFFQX1' is not defined in the library. (File /research/ece/lnis-teaching/Designkits/tsmc180nm/full_custom_lib/lib/sclib_tsmc180_ss_nldm.lib)
**WARN: (TECHLIB-436):	Attribute 'max_fanout' on 'output/inout' pin 'Z' of cell 'INVX1' is not defined in the library. (File /research/ece/lnis-teaching/Designkits/tsmc180nm/full_custom_lib/lib/sclib_tsmc180_ss_nldm.lib)
**WARN: (TECHLIB-436):	Attribute 'max_fanout' on 'output/inout' pin 'Z' of cell 'INVX16' is not defined in the library. (File /research/ece/lnis-teaching/Designkits/tsmc180nm/full_custom_lib/lib/sclib_tsmc180_ss_nldm.lib)
**WARN: (TECHLIB-436):	Attribute 'max_fanout' on 'output/inout' pin 'Z' of cell 'INVX2' is not defined in the library. (File /research/ece/lnis-teaching/Designkits/tsmc180nm/full_custom_lib/lib/sclib_tsmc180_ss_nldm.lib)
**WARN: (TECHLIB-436):	Attribute 'max_fanout' on 'output/inout' pin 'Z' of cell 'INVX32' is not defined in the library. (File /research/ece/lnis-teaching/Designkits/tsmc180nm/full_custom_lib/lib/sclib_tsmc180_ss_nldm.lib)
**WARN: (TECHLIB-436):	Attribute 'max_fanout' on 'output/inout' pin 'Z' of cell 'INVX4' is not defined in the library. (File /research/ece/lnis-teaching/Designkits/tsmc180nm/full_custom_lib/lib/sclib_tsmc180_ss_nldm.lib)
**WARN: (TECHLIB-436):	Attribute 'max_fanout' on 'output/inout' pin 'Z' of cell 'INVX8' is not defined in the library. (File /research/ece/lnis-teaching/Designkits/tsmc180nm/full_custom_lib/lib/sclib_tsmc180_ss_nldm.lib)
**WARN: (TECHLIB-436):	Attribute 'max_fanout' on 'output/inout' pin 'Z' of cell 'MUX2X1' is not defined in the library. (File /research/ece/lnis-teaching/Designkits/tsmc180nm/full_custom_lib/lib/sclib_tsmc180_ss_nldm.lib)
**WARN: (TECHLIB-436):	Attribute 'max_fanout' on 'output/inout' pin 'Z' of cell 'NAND2X1' is not defined in the library. (File /research/ece/lnis-teaching/Designkits/tsmc180nm/full_custom_lib/lib/sclib_tsmc180_ss_nldm.lib)
**WARN: (TECHLIB-436):	Attribute 'max_fanout' on 'output/inout' pin 'Z' of cell 'NAND3X1' is not defined in the library. (File /research/ece/lnis-teaching/Designkits/tsmc180nm/full_custom_lib/lib/sclib_tsmc180_ss_nldm.lib)
**WARN: (TECHLIB-436):	Attribute 'max_fanout' on 'output/inout' pin 'Z' of cell 'NOR2X1' is not defined in the library. (File /research/ece/lnis-teaching/Designkits/tsmc180nm/full_custom_lib/lib/sclib_tsmc180_ss_nldm.lib)
**WARN: (TECHLIB-436):	Attribute 'max_fanout' on 'output/inout' pin 'Z' of cell 'OR2X1' is not defined in the library. (File /research/ece/lnis-teaching/Designkits/tsmc180nm/full_custom_lib/lib/sclib_tsmc180_ss_nldm.lib)
**WARN: (TECHLIB-436):	Attribute 'max_capacitance' on 'output/inout' pin 'Z' of cell 'TIE0' is not defined in the library. (File /research/ece/lnis-teaching/Designkits/tsmc180nm/full_custom_lib/lib/sclib_tsmc180_ss_nldm.lib)
**WARN: (TECHLIB-436):	Attribute 'max_fanout' on 'output/inout' pin 'Z' of cell 'TIE0' is not defined in the library. (File /research/ece/lnis-teaching/Designkits/tsmc180nm/full_custom_lib/lib/sclib_tsmc180_ss_nldm.lib)
Message <TECHLIB-436> has exceeded the message display limit of '20'. Use 'set_message -no_limit -id list_of_msgIDs' to reset the message limit.
**WARN: (TECHLIB-302):	No function defined for cell 'ANTENNA'. The cell will only be used for analysis. (File /research/ece/lnis-teaching/Designkits/tsmc180nm/full_custom_lib/lib/sclib_tsmc180_ss_nldm.lib)
Read 21 cells in library 'sclib_tsmc180_ss' 
Reading wc timing library '/research/ece/lnis-teaching/Designkits/tsmc180nm/full_custom_lib/lib/padlib_tsmc180_ss_nldm.lib' ...
**WARN: (TECHLIB-302):	No function defined for cell 'pad_vdd'. The cell will only be used for analysis. (File /research/ece/lnis-teaching/Designkits/tsmc180nm/full_custom_lib/lib/padlib_tsmc180_ss_nldm.lib)
**WARN: (TECHLIB-302):	No function defined for cell 'pad_gnd'. The cell will only be used for analysis. (File /research/ece/lnis-teaching/Designkits/tsmc180nm/full_custom_lib/lib/padlib_tsmc180_ss_nldm.lib)
**WARN: (TECHLIB-302):	No function defined for cell 'pad_ana'. The cell will only be used for analysis. (File /research/ece/lnis-teaching/Designkits/tsmc180nm/full_custom_lib/lib/padlib_tsmc180_ss_nldm.lib)
Read 6 cells in library 'padlib_tsmc180_ss' 
Reading wc timing library '/research/ece/lnis-teaching/Designkits/tsmc180nm/arm_ip/rf8x8/rfsphs8x8m1wm4_slow_syn.lib' ...
Read 1 cells in library 'USERLIB' 
Reading bc timing library '/research/ece/lnis-teaching/Designkits/tsmc180nm/full_custom_lib/lib/sclib_tsmc180_ff_nldm.lib' ...
**WARN: (TECHLIB-302):	No function defined for cell 'ANTENNA'. The cell will only be used for analysis. (File /research/ece/lnis-teaching/Designkits/tsmc180nm/full_custom_lib/lib/sclib_tsmc180_ff_nldm.lib)
Read 21 cells in library 'sclib_tsmc180_ff' 
Reading bc timing library '/research/ece/lnis-teaching/Designkits/tsmc180nm/full_custom_lib/lib/padlib_tsmc180_ff_nldm.lib' ...
**WARN: (TECHLIB-302):	No function defined for cell 'pad_vdd'. The cell will only be used for analysis. (File /research/ece/lnis-teaching/Designkits/tsmc180nm/full_custom_lib/lib/padlib_tsmc180_ff_nldm.lib)
**WARN: (TECHLIB-302):	No function defined for cell 'pad_gnd'. The cell will only be used for analysis. (File /research/ece/lnis-teaching/Designkits/tsmc180nm/full_custom_lib/lib/padlib_tsmc180_ff_nldm.lib)
**WARN: (TECHLIB-302):	No function defined for cell 'pad_ana'. The cell will only be used for analysis. (File /research/ece/lnis-teaching/Designkits/tsmc180nm/full_custom_lib/lib/padlib_tsmc180_ff_nldm.lib)
Read 6 cells in library 'padlib_tsmc180_ff' 
Reading bc timing library '/research/ece/lnis-teaching/Designkits/tsmc180nm/arm_ip/rf8x8/rfsphs8x8m1wm4_fast@-40C_syn.lib' ...
Read 1 cells in library 'USERLIB' 
*** End library_loading (cpu=0.00min, real=0.00min, mem=8.6M, fe_cpu=0.16min, fe_real=0.38min, fe_mem=519.4M) ***
#% Begin Load netlist data ... (date=12/02 14:19:34, mem=498.9M)
*** Begin netlist parsing (mem=519.4M) ***
Pin 'pad' of cell 'pad_ana' is declared as power/ground in LEF but as signal in timing library.  Treat it as power/ground.
**WARN: (IMPVL-159):	Pin 'VDD' of cell 'rfsphs8x8m1wm4' is defined in LEF but not in the timing library.
**WARN: (IMPVL-159):	Pin 'VSS' of cell 'rfsphs8x8m1wm4' is defined in LEF but not in the timing library.
Created 28 new cells from 6 timing libraries.
Reading netlist ...
Backslashed names will retain backslash and a trailing blank character.
Reading verilog netlist 'HDL/GATE/Core_mapped.v'
**WARN: (IMPVL-346):	Module '\**FFGEN** ' is instantiated in the netlist, but is not defined in the LEF files.  Since there is no real cell definition for such a cell, it will be treated as an empty module.
Type 'man IMPVL-346' for more detail.
**WARN: (IMPVL-346):	Module '\**TSGEN** ' is instantiated in the netlist, but is not defined in the LEF files.  Since there is no real cell definition for such a cell, it will be treated as an empty module.
Type 'man IMPVL-346' for more detail.

*** Memory Usage v#1 (Current mem = 536.352M, initial mem = 187.684M) ***
*** End netlist parsing (cpu=0:00:00.2, real=0:00:00.0, mem=536.4M) ***
#% End Load netlist data ... (date=12/02 14:19:34, total cpu=0:00:00.2, real=0:00:00.0, peak res=498.9M, current mem=490.9M)
**ERROR: (IMPSYC-300):	Cell core_top_pads not found.
**ERROR: (IMPVL-904):	Can't set top cell to "core_top_pads" because it does not exist.  Exiting!

*** Memory Usage v#1 (Current mem = 545.359M, initial mem = 187.684M) ***
*** Message Summary: 121 warning(s), 3 error(s)

--- Ending "Innovus" (totcpu=0:01:52, real=0:05:01, mem=545.4M) ---
