 
****************************************
Report : area
Design : Core
Version: K-2015.06-SP5-6
Date   : Sun Dec  1 17:47:46 2019
****************************************

Library(s) Used:

    sclib_tsmc180_ss (File: /research/ece/lnis-teaching/Designkits/tsmc180nm/full_custom_lib/lib/sclib_tsmc180_ss_nldm.db)

Number of ports:                        11152
Number of nets:                         40624
Number of cells:                        32566
Number of combinational cells:          27623
Number of sequential cells:              4667
Number of macros/black boxes:               0
Number of buf/inv:                       3066
Number of references:                       8

Combinational area:             397007.964649
Buf/Inv area:                    26268.312538
Noncombinational area:          242708.878963
Macro/Black Box area:                0.000000
Net Interconnect area:      undefined  (No wire load specified)

Total cell area:                639716.843613
Total area:                 undefined

Information: This design contains unmapped logic. (RPT-7)

Hierarchical area distribution
------------------------------

                                  Global cell area              Local cell area
                                  --------------------  -------------------------------- 
Hierarchical cell                 Absolute     Percent  Combi-       Noncombi-    Black-
                                  Total        Total    national     national     boxes   Design
--------------------------------  -----------  -------  -----------  -----------  ------  ---------------------------
Core                              639716.8436    100.0      10.4664       0.0000  0.0000  Core
_Execute                           21577.8920      3.4    9221.2120    3055.3656  0.0000  Execute
_Execute/add_102                    1039.7392      0.2    1039.7392       0.0000  0.0000  Execute_DW01_add_1
_Execute/add_118                    1589.0624      0.2    1589.0624       0.0000  0.0000  Execute_DW01_add_0
_Execute/add_97                     1589.0624      0.2    1589.0624       0.0000  0.0000  Execute_DW01_add_2
_Execute/r340                       1634.3064      0.3    1634.3064       0.0000  0.0000  Execute_DW01_sub_0
_Execute/r351                        645.0456      0.1     645.0456       0.0000  0.0000  Execute_DW01_inc_0
_Execute/r352                       1539.9448      0.2    1539.9448       0.0000  0.0000  Execute_DW01_add_3
_Execute/r353                       1264.1536      0.2    1264.1536       0.0000  0.0000  Execute_DW01_cmp6_0
_InstructionDecode                  3276.8848      0.5      78.1648    3198.7200  0.0000  InstructionDecode
_InstructionFetch                   3975.1248      0.6     907.9112    2399.0400  0.0000  InstructionFetch
_InstructionFetch/add_30             668.1736      0.1     668.1736       0.0000  0.0000  InstructionFetch_DW01_inc_0
_MemoryAccess                       3044.7424      0.5     945.5824    2099.1600  0.0000  MemoryAccess
_RegisterFile                      74422.6118     11.6   47146.9380   27275.6738  0.0000  RegisterFile
_RegisterWriteBack                   645.7416      0.1     645.7416       0.0000  0.0000  RegisterWriteBack
_btb                              532763.3799     83.3    4482.0888    1799.2800  0.0000  btb
_btb/W0                           131386.9860     20.5   32111.5427       0.0000  0.0000  btb_way_0
_btb/W0/L0                          3102.3576      0.5    1281.1648    1478.4672  0.0000  btb_entry_0
_btb/W0/L0/U1                        342.7256      0.1     236.1800     106.5456  0.0000  bp_counter_0
_btb/W0/L1                          3102.3576      0.5    1281.1648    1478.4672  0.0000  btb_entry_127
_btb/W0/L1/U1                        342.7256      0.1     236.1800     106.5456  0.0000  bp_counter_127
_btb/W0/L10                         3102.3576      0.5    1281.1648    1478.4672  0.0000  btb_entry_118
_btb/W0/L10/U1                       342.7256      0.1     236.1800     106.5456  0.0000  bp_counter_118
_btb/W0/L11                         3102.3576      0.5    1281.1648    1478.4672  0.0000  btb_entry_117
_btb/W0/L11/U1                       342.7256      0.1     236.1800     106.5456  0.0000  bp_counter_117
_btb/W0/L12                         3102.3576      0.5    1281.1648    1478.4672  0.0000  btb_entry_116
_btb/W0/L12/U1                       342.7256      0.1     236.1800     106.5456  0.0000  bp_counter_116
_btb/W0/L13                         3102.3576      0.5    1281.1648    1478.4672  0.0000  btb_entry_115
_btb/W0/L13/U1                       342.7256      0.1     236.1800     106.5456  0.0000  bp_counter_115
_btb/W0/L14                         3102.3576      0.5    1281.1648    1478.4672  0.0000  btb_entry_114
_btb/W0/L14/U1                       342.7256      0.1     236.1800     106.5456  0.0000  bp_counter_114
_btb/W0/L15                         3102.3576      0.5    1281.1648    1478.4672  0.0000  btb_entry_113
_btb/W0/L15/U1                       342.7256      0.1     236.1800     106.5456  0.0000  bp_counter_113
_btb/W0/L16                         3102.3576      0.5    1281.1648    1478.4672  0.0000  btb_entry_112
_btb/W0/L16/U1                       342.7256      0.1     236.1800     106.5456  0.0000  bp_counter_112
_btb/W0/L17                         3102.3576      0.5    1281.1648    1478.4672  0.0000  btb_entry_111
_btb/W0/L17/U1                       342.7256      0.1     236.1800     106.5456  0.0000  bp_counter_111
_btb/W0/L18                         3102.3576      0.5    1281.1648    1478.4672  0.0000  btb_entry_110
_btb/W0/L18/U1                       342.7256      0.1     236.1800     106.5456  0.0000  bp_counter_110
_btb/W0/L19                         3102.3576      0.5    1281.1648    1478.4672  0.0000  btb_entry_109
_btb/W0/L19/U1                       342.7256      0.1     236.1800     106.5456  0.0000  bp_counter_109
_btb/W0/L2                          3102.3576      0.5    1281.1648    1478.4672  0.0000  btb_entry_126
_btb/W0/L2/U1                        342.7256      0.1     236.1800     106.5456  0.0000  bp_counter_126
_btb/W0/L20                         3102.3576      0.5    1281.1648    1478.4672  0.0000  btb_entry_108
_btb/W0/L20/U1                       342.7256      0.1     236.1800     106.5456  0.0000  bp_counter_108
_btb/W0/L21                         3102.3576      0.5    1281.1648    1478.4672  0.0000  btb_entry_107
_btb/W0/L21/U1                       342.7256      0.1     236.1800     106.5456  0.0000  bp_counter_107
_btb/W0/L22                         3102.3576      0.5    1281.1648    1478.4672  0.0000  btb_entry_106
_btb/W0/L22/U1                       342.7256      0.1     236.1800     106.5456  0.0000  bp_counter_106
_btb/W0/L23                         3102.3576      0.5    1281.1648    1478.4672  0.0000  btb_entry_105
_btb/W0/L23/U1                       342.7256      0.1     236.1800     106.5456  0.0000  bp_counter_105
_btb/W0/L24                         3102.3576      0.5    1281.1648    1478.4672  0.0000  btb_entry_104
_btb/W0/L24/U1                       342.7256      0.1     236.1800     106.5456  0.0000  bp_counter_104
_btb/W0/L25                         3102.3576      0.5    1281.1648    1478.4672  0.0000  btb_entry_103
_btb/W0/L25/U1                       342.7256      0.1     236.1800     106.5456  0.0000  bp_counter_103
_btb/W0/L26                         3102.3576      0.5    1281.1648    1478.4672  0.0000  btb_entry_102
_btb/W0/L26/U1                       342.7256      0.1     236.1800     106.5456  0.0000  bp_counter_102
_btb/W0/L27                         3102.3576      0.5    1281.1648    1478.4672  0.0000  btb_entry_101
_btb/W0/L27/U1                       342.7256      0.1     236.1800     106.5456  0.0000  bp_counter_101
_btb/W0/L28                         3102.3576      0.5    1281.1648    1478.4672  0.0000  btb_entry_100
_btb/W0/L28/U1                       342.7256      0.1     236.1800     106.5456  0.0000  bp_counter_100
_btb/W0/L29                         3102.3576      0.5    1281.1648    1478.4672  0.0000  btb_entry_99
_btb/W0/L29/U1                       342.7256      0.1     236.1800     106.5456  0.0000  bp_counter_99
_btb/W0/L3                          3102.3576      0.5    1281.1648    1478.4672  0.0000  btb_entry_125
_btb/W0/L3/U1                        342.7256      0.1     236.1800     106.5456  0.0000  bp_counter_125
_btb/W0/L30                         3102.3576      0.5    1281.1648    1478.4672  0.0000  btb_entry_98
_btb/W0/L30/U1                       342.7256      0.1     236.1800     106.5456  0.0000  bp_counter_98
_btb/W0/L31                         3102.3576      0.5    1281.1648    1478.4672  0.0000  btb_entry_97
_btb/W0/L31/U1                       342.7256      0.1     236.1800     106.5456  0.0000  bp_counter_97
_btb/W0/L4                          3102.3576      0.5    1281.1648    1478.4672  0.0000  btb_entry_124
_btb/W0/L4/U1                        342.7256      0.1     236.1800     106.5456  0.0000  bp_counter_124
_btb/W0/L5                          3102.3576      0.5    1281.1648    1478.4672  0.0000  btb_entry_123
_btb/W0/L5/U1                        342.7256      0.1     236.1800     106.5456  0.0000  bp_counter_123
_btb/W0/L6                          3102.3576      0.5    1281.1648    1478.4672  0.0000  btb_entry_122
_btb/W0/L6/U1                        342.7256      0.1     236.1800     106.5456  0.0000  bp_counter_122
_btb/W0/L7                          3102.3576      0.5    1281.1648    1478.4672  0.0000  btb_entry_121
_btb/W0/L7/U1                        342.7256      0.1     236.1800     106.5456  0.0000  bp_counter_121
_btb/W0/L8                          3102.3576      0.5    1281.1648    1478.4672  0.0000  btb_entry_120
_btb/W0/L8/U1                        342.7256      0.1     236.1800     106.5456  0.0000  bp_counter_120
_btb/W0/L9                          3102.3576      0.5    1281.1648    1478.4672  0.0000  btb_entry_119
_btb/W0/L9/U1                        342.7256      0.1     236.1800     106.5456  0.0000  bp_counter_119
_btb/W1                           131488.2788     20.6   32212.8355       0.0000  0.0000  btb_way_3
_btb/W1/L0                          3102.3576      0.5    1281.1648    1478.4672  0.0000  btb_entry_96
_btb/W1/L0/U1                        342.7256      0.1     236.1800     106.5456  0.0000  bp_counter_96
_btb/W1/L1                          3102.3576      0.5    1281.1648    1478.4672  0.0000  btb_entry_95
_btb/W1/L1/U1                        342.7256      0.1     236.1800     106.5456  0.0000  bp_counter_95
_btb/W1/L10                         3102.3576      0.5    1281.1648    1478.4672  0.0000  btb_entry_86
_btb/W1/L10/U1                       342.7256      0.1     236.1800     106.5456  0.0000  bp_counter_86
_btb/W1/L11                         3102.3576      0.5    1281.1648    1478.4672  0.0000  btb_entry_85
_btb/W1/L11/U1                       342.7256      0.1     236.1800     106.5456  0.0000  bp_counter_85
_btb/W1/L12                         3102.3576      0.5    1281.1648    1478.4672  0.0000  btb_entry_84
_btb/W1/L12/U1                       342.7256      0.1     236.1800     106.5456  0.0000  bp_counter_84
_btb/W1/L13                         3102.3576      0.5    1281.1648    1478.4672  0.0000  btb_entry_83
_btb/W1/L13/U1                       342.7256      0.1     236.1800     106.5456  0.0000  bp_counter_83
_btb/W1/L14                         3102.3576      0.5    1281.1648    1478.4672  0.0000  btb_entry_82
_btb/W1/L14/U1                       342.7256      0.1     236.1800     106.5456  0.0000  bp_counter_82
_btb/W1/L15                         3102.3576      0.5    1281.1648    1478.4672  0.0000  btb_entry_81
_btb/W1/L15/U1                       342.7256      0.1     236.1800     106.5456  0.0000  bp_counter_81
_btb/W1/L16                         3102.3576      0.5    1281.1648    1478.4672  0.0000  btb_entry_80
_btb/W1/L16/U1                       342.7256      0.1     236.1800     106.5456  0.0000  bp_counter_80
_btb/W1/L17                         3102.3576      0.5    1281.1648    1478.4672  0.0000  btb_entry_79
_btb/W1/L17/U1                       342.7256      0.1     236.1800     106.5456  0.0000  bp_counter_79
_btb/W1/L18                         3102.3576      0.5    1281.1648    1478.4672  0.0000  btb_entry_78
_btb/W1/L18/U1                       342.7256      0.1     236.1800     106.5456  0.0000  bp_counter_78
_btb/W1/L19                         3102.3576      0.5    1281.1648    1478.4672  0.0000  btb_entry_77
_btb/W1/L19/U1                       342.7256      0.1     236.1800     106.5456  0.0000  bp_counter_77
_btb/W1/L2                          3102.3576      0.5    1281.1648    1478.4672  0.0000  btb_entry_94
_btb/W1/L2/U1                        342.7256      0.1     236.1800     106.5456  0.0000  bp_counter_94
_btb/W1/L20                         3102.3576      0.5    1281.1648    1478.4672  0.0000  btb_entry_76
_btb/W1/L20/U1                       342.7256      0.1     236.1800     106.5456  0.0000  bp_counter_76
_btb/W1/L21                         3102.3576      0.5    1281.1648    1478.4672  0.0000  btb_entry_75
_btb/W1/L21/U1                       342.7256      0.1     236.1800     106.5456  0.0000  bp_counter_75
_btb/W1/L22                         3102.3576      0.5    1281.1648    1478.4672  0.0000  btb_entry_74
_btb/W1/L22/U1                       342.7256      0.1     236.1800     106.5456  0.0000  bp_counter_74
_btb/W1/L23                         3102.3576      0.5    1281.1648    1478.4672  0.0000  btb_entry_73
_btb/W1/L23/U1                       342.7256      0.1     236.1800     106.5456  0.0000  bp_counter_73
_btb/W1/L24                         3102.3576      0.5    1281.1648    1478.4672  0.0000  btb_entry_72
_btb/W1/L24/U1                       342.7256      0.1     236.1800     106.5456  0.0000  bp_counter_72
_btb/W1/L25                         3102.3576      0.5    1281.1648    1478.4672  0.0000  btb_entry_71
_btb/W1/L25/U1                       342.7256      0.1     236.1800     106.5456  0.0000  bp_counter_71
_btb/W1/L26                         3102.3576      0.5    1281.1648    1478.4672  0.0000  btb_entry_70
_btb/W1/L26/U1                       342.7256      0.1     236.1800     106.5456  0.0000  bp_counter_70
_btb/W1/L27                         3102.3576      0.5    1281.1648    1478.4672  0.0000  btb_entry_69
_btb/W1/L27/U1                       342.7256      0.1     236.1800     106.5456  0.0000  bp_counter_69
_btb/W1/L28                         3102.3576      0.5    1281.1648    1478.4672  0.0000  btb_entry_68
_btb/W1/L28/U1                       342.7256      0.1     236.1800     106.5456  0.0000  bp_counter_68
_btb/W1/L29                         3102.3576      0.5    1281.1648    1478.4672  0.0000  btb_entry_67
_btb/W1/L29/U1                       342.7256      0.1     236.1800     106.5456  0.0000  bp_counter_67
_btb/W1/L3                          3102.3576      0.5    1281.1648    1478.4672  0.0000  btb_entry_93
_btb/W1/L3/U1                        342.7256      0.1     236.1800     106.5456  0.0000  bp_counter_93
_btb/W1/L30                         3102.3576      0.5    1281.1648    1478.4672  0.0000  btb_entry_66
_btb/W1/L30/U1                       342.7256      0.1     236.1800     106.5456  0.0000  bp_counter_66
_btb/W1/L31                         3102.3576      0.5    1281.1648    1478.4672  0.0000  btb_entry_65
_btb/W1/L31/U1                       342.7256      0.1     236.1800     106.5456  0.0000  bp_counter_65
_btb/W1/L4                          3102.3576      0.5    1281.1648    1478.4672  0.0000  btb_entry_92
_btb/W1/L4/U1                        342.7256      0.1     236.1800     106.5456  0.0000  bp_counter_92
_btb/W1/L5                          3102.3576      0.5    1281.1648    1478.4672  0.0000  btb_entry_91
_btb/W1/L5/U1                        342.7256      0.1     236.1800     106.5456  0.0000  bp_counter_91
_btb/W1/L6                          3102.3576      0.5    1281.1648    1478.4672  0.0000  btb_entry_90
_btb/W1/L6/U1                        342.7256      0.1     236.1800     106.5456  0.0000  bp_counter_90
_btb/W1/L7                          3102.3576      0.5    1281.1648    1478.4672  0.0000  btb_entry_89
_btb/W1/L7/U1                        342.7256      0.1     236.1800     106.5456  0.0000  bp_counter_89
_btb/W1/L8                          3102.3576      0.5    1281.1648    1478.4672  0.0000  btb_entry_88
_btb/W1/L8/U1                        342.7256      0.1     236.1800     106.5456  0.0000  bp_counter_88
_btb/W1/L9                          3102.3576      0.5    1281.1648    1478.4672  0.0000  btb_entry_87
_btb/W1/L9/U1                        342.7256      0.1     236.1800     106.5456  0.0000  bp_counter_87
_btb/W2                           131477.8124     20.6   32202.3691       0.0000  0.0000  btb_way_2
_btb/W2/L0                          3102.3576      0.5    1281.1648    1478.4672  0.0000  btb_entry_64
_btb/W2/L0/U1                        342.7256      0.1     236.1800     106.5456  0.0000  bp_counter_64
_btb/W2/L1                          3102.3576      0.5    1281.1648    1478.4672  0.0000  btb_entry_63
_btb/W2/L1/U1                        342.7256      0.1     236.1800     106.5456  0.0000  bp_counter_63
_btb/W2/L10                         3102.3576      0.5    1281.1648    1478.4672  0.0000  btb_entry_54
_btb/W2/L10/U1                       342.7256      0.1     236.1800     106.5456  0.0000  bp_counter_54
_btb/W2/L11                         3102.3576      0.5    1281.1648    1478.4672  0.0000  btb_entry_53
_btb/W2/L11/U1                       342.7256      0.1     236.1800     106.5456  0.0000  bp_counter_53
_btb/W2/L12                         3102.3576      0.5    1281.1648    1478.4672  0.0000  btb_entry_52
_btb/W2/L12/U1                       342.7256      0.1     236.1800     106.5456  0.0000  bp_counter_52
_btb/W2/L13                         3102.3576      0.5    1281.1648    1478.4672  0.0000  btb_entry_51
_btb/W2/L13/U1                       342.7256      0.1     236.1800     106.5456  0.0000  bp_counter_51
_btb/W2/L14                         3102.3576      0.5    1281.1648    1478.4672  0.0000  btb_entry_50
_btb/W2/L14/U1                       342.7256      0.1     236.1800     106.5456  0.0000  bp_counter_50
_btb/W2/L15                         3102.3576      0.5    1281.1648    1478.4672  0.0000  btb_entry_49
_btb/W2/L15/U1                       342.7256      0.1     236.1800     106.5456  0.0000  bp_counter_49
_btb/W2/L16                         3102.3576      0.5    1281.1648    1478.4672  0.0000  btb_entry_48
_btb/W2/L16/U1                       342.7256      0.1     236.1800     106.5456  0.0000  bp_counter_48
_btb/W2/L17                         3102.3576      0.5    1281.1648    1478.4672  0.0000  btb_entry_47
_btb/W2/L17/U1                       342.7256      0.1     236.1800     106.5456  0.0000  bp_counter_47
_btb/W2/L18                         3102.3576      0.5    1281.1648    1478.4672  0.0000  btb_entry_46
_btb/W2/L18/U1                       342.7256      0.1     236.1800     106.5456  0.0000  bp_counter_46
_btb/W2/L19                         3102.3576      0.5    1281.1648    1478.4672  0.0000  btb_entry_45
_btb/W2/L19/U1                       342.7256      0.1     236.1800     106.5456  0.0000  bp_counter_45
_btb/W2/L2                          3102.3576      0.5    1281.1648    1478.4672  0.0000  btb_entry_62
_btb/W2/L2/U1                        342.7256      0.1     236.1800     106.5456  0.0000  bp_counter_62
_btb/W2/L20                         3102.3576      0.5    1281.1648    1478.4672  0.0000  btb_entry_44
_btb/W2/L20/U1                       342.7256      0.1     236.1800     106.5456  0.0000  bp_counter_44
_btb/W2/L21                         3102.3576      0.5    1281.1648    1478.4672  0.0000  btb_entry_43
_btb/W2/L21/U1                       342.7256      0.1     236.1800     106.5456  0.0000  bp_counter_43
_btb/W2/L22                         3102.3576      0.5    1281.1648    1478.4672  0.0000  btb_entry_42
_btb/W2/L22/U1                       342.7256      0.1     236.1800     106.5456  0.0000  bp_counter_42
_btb/W2/L23                         3102.3576      0.5    1281.1648    1478.4672  0.0000  btb_entry_41
_btb/W2/L23/U1                       342.7256      0.1     236.1800     106.5456  0.0000  bp_counter_41
_btb/W2/L24                         3102.3576      0.5    1281.1648    1478.4672  0.0000  btb_entry_40
_btb/W2/L24/U1                       342.7256      0.1     236.1800     106.5456  0.0000  bp_counter_40
_btb/W2/L25                         3102.3576      0.5    1281.1648    1478.4672  0.0000  btb_entry_39
_btb/W2/L25/U1                       342.7256      0.1     236.1800     106.5456  0.0000  bp_counter_39
_btb/W2/L26                         3102.3576      0.5    1281.1648    1478.4672  0.0000  btb_entry_38
_btb/W2/L26/U1                       342.7256      0.1     236.1800     106.5456  0.0000  bp_counter_38
_btb/W2/L27                         3102.3576      0.5    1281.1648    1478.4672  0.0000  btb_entry_37
_btb/W2/L27/U1                       342.7256      0.1     236.1800     106.5456  0.0000  bp_counter_37
_btb/W2/L28                         3102.3576      0.5    1281.1648    1478.4672  0.0000  btb_entry_36
_btb/W2/L28/U1                       342.7256      0.1     236.1800     106.5456  0.0000  bp_counter_36
_btb/W2/L29                         3102.3576      0.5    1281.1648    1478.4672  0.0000  btb_entry_35
_btb/W2/L29/U1                       342.7256      0.1     236.1800     106.5456  0.0000  bp_counter_35
_btb/W2/L3                          3102.3576      0.5    1281.1648    1478.4672  0.0000  btb_entry_61
_btb/W2/L3/U1                        342.7256      0.1     236.1800     106.5456  0.0000  bp_counter_61
_btb/W2/L30                         3102.3576      0.5    1281.1648    1478.4672  0.0000  btb_entry_34
_btb/W2/L30/U1                       342.7256      0.1     236.1800     106.5456  0.0000  bp_counter_34
_btb/W2/L31                         3102.3576      0.5    1281.1648    1478.4672  0.0000  btb_entry_33
_btb/W2/L31/U1                       342.7256      0.1     236.1800     106.5456  0.0000  bp_counter_33
_btb/W2/L4                          3102.3576      0.5    1281.1648    1478.4672  0.0000  btb_entry_60
_btb/W2/L4/U1                        342.7256      0.1     236.1800     106.5456  0.0000  bp_counter_60
_btb/W2/L5                          3102.3576      0.5    1281.1648    1478.4672  0.0000  btb_entry_59
_btb/W2/L5/U1                        342.7256      0.1     236.1800     106.5456  0.0000  bp_counter_59
_btb/W2/L6                          3102.3576      0.5    1281.1648    1478.4672  0.0000  btb_entry_58
_btb/W2/L6/U1                        342.7256      0.1     236.1800     106.5456  0.0000  bp_counter_58
_btb/W2/L7                          3102.3576      0.5    1281.1648    1478.4672  0.0000  btb_entry_57
_btb/W2/L7/U1                        342.7256      0.1     236.1800     106.5456  0.0000  bp_counter_57
_btb/W2/L8                          3102.3576      0.5    1281.1648    1478.4672  0.0000  btb_entry_56
_btb/W2/L8/U1                        342.7256      0.1     236.1800     106.5456  0.0000  bp_counter_56
_btb/W2/L9                          3102.3576      0.5    1281.1648    1478.4672  0.0000  btb_entry_55
_btb/W2/L9/U1                        342.7256      0.1     236.1800     106.5456  0.0000  bp_counter_55
_btb/W3                           131483.8884     20.6   32208.4451       0.0000  0.0000  btb_way_1
_btb/W3/L0                          3102.3576      0.5    1281.1648    1478.4672  0.0000  btb_entry_32
_btb/W3/L0/U1                        342.7256      0.1     236.1800     106.5456  0.0000  bp_counter_32
_btb/W3/L1                          3102.3576      0.5    1281.1648    1478.4672  0.0000  btb_entry_31
_btb/W3/L1/U1                        342.7256      0.1     236.1800     106.5456  0.0000  bp_counter_31
_btb/W3/L10                         3102.3576      0.5    1281.1648    1478.4672  0.0000  btb_entry_22
_btb/W3/L10/U1                       342.7256      0.1     236.1800     106.5456  0.0000  bp_counter_22
_btb/W3/L11                         3102.3576      0.5    1281.1648    1478.4672  0.0000  btb_entry_21
_btb/W3/L11/U1                       342.7256      0.1     236.1800     106.5456  0.0000  bp_counter_21
_btb/W3/L12                         3102.3576      0.5    1281.1648    1478.4672  0.0000  btb_entry_20
_btb/W3/L12/U1                       342.7256      0.1     236.1800     106.5456  0.0000  bp_counter_20
_btb/W3/L13                         3102.3576      0.5    1281.1648    1478.4672  0.0000  btb_entry_19
_btb/W3/L13/U1                       342.7256      0.1     236.1800     106.5456  0.0000  bp_counter_19
_btb/W3/L14                         3102.3576      0.5    1281.1648    1478.4672  0.0000  btb_entry_18
_btb/W3/L14/U1                       342.7256      0.1     236.1800     106.5456  0.0000  bp_counter_18
_btb/W3/L15                         3102.3576      0.5    1281.1648    1478.4672  0.0000  btb_entry_17
_btb/W3/L15/U1                       342.7256      0.1     236.1800     106.5456  0.0000  bp_counter_17
_btb/W3/L16                         3102.3576      0.5    1281.1648    1478.4672  0.0000  btb_entry_16
_btb/W3/L16/U1                       342.7256      0.1     236.1800     106.5456  0.0000  bp_counter_16
_btb/W3/L17                         3102.3576      0.5    1281.1648    1478.4672  0.0000  btb_entry_15
_btb/W3/L17/U1                       342.7256      0.1     236.1800     106.5456  0.0000  bp_counter_15
_btb/W3/L18                         3102.3576      0.5    1281.1648    1478.4672  0.0000  btb_entry_14
_btb/W3/L18/U1                       342.7256      0.1     236.1800     106.5456  0.0000  bp_counter_14
_btb/W3/L19                         3102.3576      0.5    1281.1648    1478.4672  0.0000  btb_entry_13
_btb/W3/L19/U1                       342.7256      0.1     236.1800     106.5456  0.0000  bp_counter_13
_btb/W3/L2                          3102.3576      0.5    1281.1648    1478.4672  0.0000  btb_entry_30
_btb/W3/L2/U1                        342.7256      0.1     236.1800     106.5456  0.0000  bp_counter_30
_btb/W3/L20                         3102.3576      0.5    1281.1648    1478.4672  0.0000  btb_entry_12
_btb/W3/L20/U1                       342.7256      0.1     236.1800     106.5456  0.0000  bp_counter_12
_btb/W3/L21                         3102.3576      0.5    1281.1648    1478.4672  0.0000  btb_entry_11
_btb/W3/L21/U1                       342.7256      0.1     236.1800     106.5456  0.0000  bp_counter_11
_btb/W3/L22                         3102.3576      0.5    1281.1648    1478.4672  0.0000  btb_entry_10
_btb/W3/L22/U1                       342.7256      0.1     236.1800     106.5456  0.0000  bp_counter_10
_btb/W3/L23                         3102.3576      0.5    1281.1648    1478.4672  0.0000  btb_entry_9
_btb/W3/L23/U1                       342.7256      0.1     236.1800     106.5456  0.0000  bp_counter_9
_btb/W3/L24                         3102.3576      0.5    1281.1648    1478.4672  0.0000  btb_entry_8
_btb/W3/L24/U1                       342.7256      0.1     236.1800     106.5456  0.0000  bp_counter_8
_btb/W3/L25                         3102.3576      0.5    1281.1648    1478.4672  0.0000  btb_entry_7
_btb/W3/L25/U1                       342.7256      0.1     236.1800     106.5456  0.0000  bp_counter_7
_btb/W3/L26                         3102.3576      0.5    1281.1648    1478.4672  0.0000  btb_entry_6
_btb/W3/L26/U1                       342.7256      0.1     236.1800     106.5456  0.0000  bp_counter_6
_btb/W3/L27                         3102.3576      0.5    1281.1648    1478.4672  0.0000  btb_entry_5
_btb/W3/L27/U1                       342.7256      0.1     236.1800     106.5456  0.0000  bp_counter_5
_btb/W3/L28                         3102.3576      0.5    1281.1648    1478.4672  0.0000  btb_entry_4
_btb/W3/L28/U1                       342.7256      0.1     236.1800     106.5456  0.0000  bp_counter_4
_btb/W3/L29                         3102.3576      0.5    1281.1648    1478.4672  0.0000  btb_entry_3
_btb/W3/L29/U1                       342.7256      0.1     236.1800     106.5456  0.0000  bp_counter_3
_btb/W3/L3                          3102.3576      0.5    1281.1648    1478.4672  0.0000  btb_entry_29
_btb/W3/L3/U1                        342.7256      0.1     236.1800     106.5456  0.0000  bp_counter_29
_btb/W3/L30                         3102.3576      0.5    1281.1648    1478.4672  0.0000  btb_entry_2
_btb/W3/L30/U1                       342.7256      0.1     236.1800     106.5456  0.0000  bp_counter_2
_btb/W3/L31                         3102.3576      0.5    1281.1648    1478.4672  0.0000  btb_entry_1
_btb/W3/L31/U1                       342.7256      0.1     236.1800     106.5456  0.0000  bp_counter_1
_btb/W3/L4                          3102.3576      0.5    1281.1648    1478.4672  0.0000  btb_entry_28
_btb/W3/L4/U1                        342.7256      0.1     236.1800     106.5456  0.0000  bp_counter_28
_btb/W3/L5                          3102.3576      0.5    1281.1648    1478.4672  0.0000  btb_entry_27
_btb/W3/L5/U1                        342.7256      0.1     236.1800     106.5456  0.0000  bp_counter_27
_btb/W3/L6                          3102.3576      0.5    1281.1648    1478.4672  0.0000  btb_entry_26
_btb/W3/L6/U1                        342.7256      0.1     236.1800     106.5456  0.0000  bp_counter_26
_btb/W3/L7                          3102.3576      0.5    1281.1648    1478.4672  0.0000  btb_entry_25
_btb/W3/L7/U1                        342.7256      0.1     236.1800     106.5456  0.0000  bp_counter_25
_btb/W3/L8                          3102.3576      0.5    1281.1648    1478.4672  0.0000  btb_entry_24
_btb/W3/L8/U1                        342.7256      0.1     236.1800     106.5456  0.0000  bp_counter_24
_btb/W3/L9                          3102.3576      0.5    1281.1648    1478.4672  0.0000  btb_entry_23
_btb/W3/L9/U1                        342.7256      0.1     236.1800     106.5456  0.0000  bp_counter_23
_btb/add_103                         645.0456      0.1     645.0456       0.0000  0.0000  btb_DW01_inc_0
--------------------------------  -----------  -------  -----------  -----------  ------  ---------------------------
Total                                                   397007.9646  242708.8790  0.0000


Area of detected synthetic parts
--------------------------------
                                        Perc. of
  Module    Implem.  Count        Area cell area
  --------- -------  ----- ----------- ---------
  DW01_add      rpl      4   5757.8124      0.9%
  DW01_cmp6     rpl      1   1264.1547      0.2%
  DW01_inc      rpl      3   1958.2649      0.3%
  DW01_sub      rpl      1   1634.3079      0.3%
  --------- -------  ----- ----------- ---------
  Total:                 9  10614.5398      1.7%

Estimated area of ungrouped synthetic parts
-------------------------------------------
                               Estimated  Perc. of
  Module     Implem.  Count         Area cell area
  ---------- -------  ----- ------------ ---------
  DW_cmp     apparch    261  103744.4538     16.2%
  DW_leftsh     astr      1    1664.3159      0.3%
  DW_rightsh    astr      1    1777.9176      0.3%
  ---------- -------  ----- ------------ ---------
  Total:                263  107186.6874     16.8%

Total synthetic cell area:              117801.2272  18.4%  (estimated)

1
