Loading db file '/research/ece/lnis-teaching/Designkits/tsmc180nm/full_custom_lib/lib/sclib_tsmc180_ss_nldm.db'
Information: Propagating switching activity (low effort zero delay simulation). (PWR-6)
Warning: Design has unannotated primary inputs. (PWR-414)
Warning: Design has unannotated sequential cell outputs. (PWR-415)
 
****************************************
Report : power
        -analysis_effort low
Design : Core
Version: K-2015.06-SP5-6
Date   : Sun Dec  1 17:50:01 2019
****************************************


Library(s) Used:

    sclib_tsmc180_ss (File: /research/ece/lnis-teaching/Designkits/tsmc180nm/full_custom_lib/lib/sclib_tsmc180_ss_nldm.db)


Operating Conditions: PVT_1P8V_25C   Library: sclib_tsmc180_ss
Wire Load Model Mode: top


Global Operating Voltage = 1.8  
Power-specific unit information :
    Voltage Units = 1V
    Capacitance Units = 1.000000pf
    Time Units = 1ns
    Dynamic Power Units = 1mW    (derived from V,C,T units)
    Leakage Power Units = 1nW


  Cell Internal Power  =   5.5031 mW   (54%)
  Net Switching Power  =   4.6488 mW   (46%)
                         ---------
Total Dynamic Power    =  10.1519 mW  (100%)

Cell Leakage Power     = 808.6976 nW


                 Internal         Switching           Leakage            Total
Power Group      Power            Power               Power              Power   (   %    )  Attrs
--------------------------------------------------------------------------------------------------
io_pad             0.0000            0.0000            0.0000            0.0000  (   0.00%)
memory             0.0000            0.0000            0.0000            0.0000  (   0.00%)
black_box          0.0000            0.0000            0.0000            0.0000  (   0.00%)
clock_network      0.2153            4.0662            2.3666            4.2814  (  42.17%)
register           4.8196        5.2291e-02          336.6179            4.8722  (  47.99%)
sequential         0.0000        1.8696e-03            0.0000        1.8696e-03  (   0.02%)
combinational      0.4683            0.5284          469.7131            0.9972  (   9.82%)
--------------------------------------------------------------------------------------------------
Total              5.5032 mW         4.6488 mW       808.6976 nW        10.1527 mW
1
