Information: Propagating switching activity (low effort zero delay simulation). (PWR-6)
Warning: Design has unannotated primary inputs. (PWR-414)
Warning: Design has unannotated sequential cell outputs. (PWR-415)
 
****************************************
Report : power
        -analysis_effort low
Design : Core
Version: K-2015.06-SP5-6
Date   : Mon Dec  2 13:34:14 2019
****************************************


Library(s) Used:

    sclib_tsmc180_ss (File: /research/ece/lnis-teaching/Designkits/tsmc180nm/full_custom_lib/lib/sclib_tsmc180_ss_nldm.db)


Operating Conditions: PVT_1P8V_25C   Library: sclib_tsmc180_ss
Wire Load Model Mode: top


Global Operating Voltage = 1.8  
Power-specific unit information :
    Voltage Units = 1V
    Capacitance Units = 1.000000pf
    Time Units = 1ns
    Dynamic Power Units = 1mW    (derived from V,C,T units)
    Leakage Power Units = 1nW


  Cell Internal Power  =   3.6168 mW   (54%)
  Net Switching Power  =   3.0759 mW   (46%)
                         ---------
Total Dynamic Power    =   6.6927 mW  (100%)

Cell Leakage Power     = 808.0718 nW


                 Internal         Switching           Leakage            Total
Power Group      Power            Power               Power              Power   (   %    )  Attrs
--------------------------------------------------------------------------------------------------
io_pad             0.0000            0.0000            0.0000            0.0000  (   0.00%)
memory             0.0000            0.0000            0.0000            0.0000  (   0.00%)
black_box          0.0000            0.0000            0.0000            0.0000  (   0.00%)
clock_network      0.1435            2.7108            2.3666            2.8543  (  42.64%)
register           3.1833        2.9206e-02          336.1930            3.2127  (  48.00%)
sequential         0.0000        1.0969e-03            0.0000        1.0969e-03  (   0.02%)
combinational      0.2900            0.3348          469.5121            0.6253  (   9.34%)
--------------------------------------------------------------------------------------------------
Total              3.6168 mW         3.0759 mW       808.0718 nW         6.6934 mW
1
