###############################################################
#  Generated by:      Cadence Innovus 17.11-s080_1
#  OS:                Linux x86_64(Host ID lab1-10.eng.utah.edu)
#  Generated on:      Mon Dec  2 20:29:21 2019
#  Design:            core_top_pads
#  Command:           report_timing > ${rpt_dir}/timing_final.rpt
###############################################################
Path 1: VIOLATED Setup Check with Pin core_dut/_btb/W0/L28/U1/r_SM_reg[0]/CLK 
Endpoint:   core_dut/_btb/W0/L28/U1/r_SM_reg[0]/D (^) checked with trailing 
edge of 'clk'
Beginpoint: core_dut/_Execute/target_reg[8]/Q     (^) triggered by  leading 
edge of 'clk'
Path Groups: {clk}
Analysis View: wc
Other End Arrival Time          7.922
- Setup                         0.196
+ Phase Shift                   0.000
= Required Time                 7.726
- Arrival Time                 16.221
= Slack Time                   -8.495
     Clock Rise Edge                 0.000
     + Clock Network Latency (Prop)  -0.496
     = Beginpoint Arrival Time       -0.496
     +-------------------------------------------------------------------------------------------+ 
     |              Instance               |     Arc      |  Cell   | Delay | Arrival | Required | 
     |                                     |              |         |       |  Time   |   Time   | 
     |-------------------------------------+--------------+---------+-------+---------+----------| 
     | core_dut/_Execute/target_reg[8]     | CLK ^        |         |       |  -0.496 |   -8.991 | 
     | core_dut/_Execute/target_reg[8]     | CLK ^ -> Q ^ | DFFQX1  | 2.622 |   2.125 |   -6.369 | 
     | core_dut/_btb/W1/U4                 | A ^ -> Z v   | INVX1   | 1.381 |   3.506 |   -4.988 | 
     | core_dut/_btb/W1/U80                | A v -> Z ^   | INVX2   | 1.916 |   5.422 |   -3.073 | 
     | core_dut/_btb/W1/U2346              | B ^ -> Z ^   | OR2X1   | 0.339 |   5.761 |   -2.733 | 
     | core_dut/_btb/W1/U2345              | B ^ -> Z v   | NOR2X1  | 0.089 |   5.850 |   -2.644 | 
     | core_dut/_btb/W1/U2344              | B v -> Z v   | AND2X1  | 0.294 |   6.144 |   -2.351 | 
     | core_dut/_btb/W1/U2343              | C v -> Z ^   | NAND3X1 | 0.525 |   6.669 |   -1.826 | 
     | core_dut/_btb/W1/U2461              | A ^ -> Z v   | INVX2   | 0.204 |   6.872 |   -1.622 | 
     | core_dut/_btb/W1/U2296              | C v -> Z ^   | NAND3X1 | 0.233 |   7.105 |   -1.389 | 
     | core_dut/_btb/W1/U2460              | A ^ -> Z v   | INVX2   | 0.269 |   7.374 |   -1.121 | 
     | core_dut/_btb/W1/U2281              | B v -> Z ^   | NAND2X1 | 1.405 |   8.778 |    0.284 | 
     | core_dut/_btb/W1/U2459              | A ^ -> Z v   | INVX2   | 0.386 |   9.164 |    0.669 | 
     | core_dut/_btb/W1/U236               | B v -> Z ^   | NAND2X1 | 0.246 |   9.410 |    0.915 | 
     | core_dut/_btb/W1/U231               | A ^ -> Z v   | NAND3X1 | 0.128 |   9.538 |    1.043 | 
     | core_dut/_btb/W1/U224               | A v -> Z ^   | NOR2X1  | 0.239 |   9.777 |    1.282 | 
     | core_dut/_btb/W1/U223               | B ^ -> Z ^   | AND2X1  | 0.403 |  10.180 |    1.685 | 
     | core_dut/_btb/W1/U222               | C ^ -> Z v   | NAND3X1 | 0.705 |  10.885 |    2.391 | 
     | core_dut/_btb/U32                   | A v -> Z v   | OR2X1   | 0.267 |  11.153 |    2.658 | 
     | core_dut/_btb/U27                   | A v -> Z ^   | NOR2X1  | 0.181 |  11.334 |    2.839 | 
     | core_dut/_btb/W0/U108               | A ^ -> Z ^   | OR2X1   | 2.012 |  13.346 |    4.852 | 
     | core_dut/_btb/W0/L28/U37            | A ^ -> Z v   | NAND2X1 | 1.320 |  14.666 |    6.172 | 
     | core_dut/_btb/W0/L28/U4             | A v -> Z ^   | INVX2   | 0.865 |  15.531 |    7.037 | 
     | core_dut/_btb/W0/L28/U1/U22         | A ^ -> Z v   | NOR2X1  | 0.351 |  15.883 |    7.388 | 
     | core_dut/_btb/W0/L28/U1/U5          | A v -> Z ^   | INVX2   | 0.102 |  15.984 |    7.490 | 
     | core_dut/_btb/W0/L28/U1/U16         | B ^ -> Z v   | NAND2X1 | 0.078 |  16.063 |    7.568 | 
     | core_dut/_btb/W0/L28/U1/U15         | B v -> Z ^   | NAND2X1 | 0.158 |  16.221 |    7.726 | 
     | core_dut/_btb/W0/L28/U1/r_SM_reg[0] | D ^          | DFFQBX1 | 0.000 |  16.221 |    7.726 | 
     +-------------------------------------------------------------------------------------------+ 

